# JRE version: Java(TM) SE Runtime Environment (8.0_191-b12) (build 1.8.0_191-b12)
# Java VM: Java HotSpot(TM) 64-Bit Server VM (25.191-b12 mixed mode linux-amd64 compressed oops)
Heap:
 PSYoungGen      total 135680K, used 7212K [0x00000000d7100000, 0x00000000e0700000, 0x0000000100000000)
  eden space 122368K, 0% used [0x00000000d7100000,0x00000000d7100000,0x00000000de880000)
  from space 13312K, 54% used [0x00000000de880000,0x00000000def8b3a0,0x00000000df580000)
  to   space 8704K, 0% used [0x00000000df580000,0x00000000df580000,0x00000000dfe00000)
 ParOldGen       total 84992K, used 16146K [0x0000000085200000, 0x000000008a500000, 0x00000000d7100000)
  object space 84992K, 18% used [0x0000000085200000,0x00000000861c4808,0x000000008a500000)
 Metaspace       used 20587K, capacity 21136K, committed 21296K, reserved 1069056K
  class space    used 2442K, capacity 2580K, committed 2688K, reserved 1048576K
GC Heap History (10 events):
Event: 1,146 GC heap after
Heap after GC invocations=2 (full 0):
 PSYoungGen      total 36864K, used 5102K [0x00000000d7100000, 0x00000000db900000, 0x0000000100000000)
  eden space 31744K, 0% used [0x00000000d7100000,0x00000000d7100000,0x00000000d9000000)
  from space 5120K, 99% used [0x00000000d9500000,0x00000000d99fb818,0x00000000d9a00000)
  to   space 5120K, 0% used [0x00000000d9000000,0x00000000d9000000,0x00000000d9500000)
 ParOldGen       total 84992K, used 1682K [0x0000000085200000, 0x000000008a500000, 0x00000000d7100000)
  object space 84992K, 1% used [0x0000000085200000,0x00000000853a4bd0,0x000000008a500000)
 Metaspace       used 13064K, capacity 13360K, committed 13568K, reserved 1060864K
  class space    used 1607K, capacity 1726K, committed 1792K, reserved 1048576K
}
Event: 1,476 GC heap before
{Heap before GC invocations=3 (full 0):
 PSYoungGen      total 36864K, used 36846K [0x00000000d7100000, 0x00000000db900000, 0x0000000100000000)
  eden space 31744K, 100% used [0x00000000d7100000,0x00000000d9000000,0x00000000d9000000)
  from space 5120K, 99% used [0x00000000d9500000,0x00000000d99fb818,0x00000000d9a00000)
  to   space 5120K, 0% used [0x00000000d9000000,0x00000000d9000000,0x00000000d9500000)
 ParOldGen       total 84992K, used 1682K [0x0000000085200000, 0x000000008a500000, 0x00000000d7100000)
  object space 84992K, 1% used [0x0000000085200000,0x00000000853a4bd0,0x000000008a500000)
 Metaspace       used 13470K, capacity 13830K, committed 14080K, reserved 1060864K
  class space    used 1633K, capacity 1767K, committed 1792K, reserved 1048576K
Event: 1,484 GC heap after
Heap after GC invocations=3 (full 0):
 PSYoungGen      total 36864K, used 5088K [0x00000000d7100000, 0x00000000db900000, 0x0000000100000000)
  eden space 31744K, 0% used [0x00000000d7100000,0x00000000d7100000,0x00000000d9000000)
  from space 5120K, 99% used [0x00000000d9000000,0x00000000d94f8020,0x00000000d9500000)
  to   space 5120K, 0% used [0x00000000db400000,0x00000000db400000,0x00000000db900000)
 ParOldGen       total 84992K, used 3118K [0x0000000085200000, 0x000000008a500000, 0x00000000d7100000)
  object space 84992K, 3% used [0x0000000085200000,0x000000008550b998,0x000000008a500000)
 Metaspace       used 13470K, capacity 13830K, committed 14080K, reserved 1060864K
  class space    used 1633K, capacity 1767K, committed 1792K, reserved 1048576K
}
Event: 1,728 GC heap before
{Heap before GC invocations=4 (full 0):
 PSYoungGen      total 36864K, used 36832K [0x00000000d7100000, 0x00000000db900000, 0x0000000100000000)
  eden space 31744K, 100% used [0x00000000d7100000,0x00000000d9000000,0x00000000d9000000)
  from space 5120K, 99% used [0x00000000d9000000,0x00000000d94f8020,0x00000000d9500000)
  to   space 5120K, 0% used [0x00000000db400000,0x00000000db400000,0x00000000db900000)
 ParOldGen       total 84992K, used 3118K [0x0000000085200000, 0x000000008a500000, 0x00000000d7100000)
  object space 84992K, 3% used [0x0000000085200000,0x000000008550b998,0x000000008a500000)
 Metaspace       used 14078K, capacity 14492K, committed 14720K, reserved 1062912K
  class space    used 1705K, capacity 1812K, committed 1920K, reserved 1048576K
Event: 1,737 GC heap after
Heap after GC invocations=4 (full 0):
 PSYoungGen      total 68608K, used 5104K [0x00000000d7100000, 0x00000000db900000, 0x0000000100000000)
  eden space 63488K, 0% used [0x00000000d7100000,0x00000000d7100000,0x00000000daf00000)
  from space 5120K, 99% used [0x00000000db400000,0x00000000db8fc010,0x00000000db900000)
  to   space 5120K, 0% used [0x00000000daf00000,0x00000000daf00000,0x00000000db400000)
 ParOldGen       total 84992K, used 4506K [0x0000000085200000, 0x000000008a500000, 0x00000000d7100000)
  object space 84992K, 5% used [0x0000000085200000,0x0000000085666898,0x000000008a500000)
 Metaspace       used 14078K, capacity 14492K, committed 14720K, reserved 1062912K
  class space    used 1705K, capacity 1812K, committed 1920K, reserved 1048576K
}
Event: 2,171 GC heap before
{Heap before GC invocations=5 (full 0):
 PSYoungGen      total 68608K, used 68592K [0x00000000d7100000, 0x00000000db900000, 0x0000000100000000)
  eden space 63488K, 100% used [0x00000000d7100000,0x00000000daf00000,0x00000000daf00000)
  from space 5120K, 99% used [0x00000000db400000,0x00000000db8fc010,0x00000000db900000)
  to   space 5120K, 0% used [0x00000000daf00000,0x00000000daf00000,0x00000000db400000)
 ParOldGen       total 84992K, used 4506K [0x0000000085200000, 0x000000008a500000, 0x00000000d7100000)
  object space 84992K, 5% used [0x0000000085200000,0x0000000085666898,0x000000008a500000)
 Metaspace       used 14615K, capacity 14996K, committed 15232K, reserved 1062912K
  class space    used 1734K, capacity 1852K, committed 1920K, reserved 1048576K
Event: 2,181 GC heap after
Heap after GC invocations=5 (full 0):
 PSYoungGen      total 68608K, used 5104K [0x00000000d7100000, 0x00000000dfe00000, 0x0000000100000000)
  eden space 63488K, 0% used [0x00000000d7100000,0x00000000d7100000,0x00000000daf00000)
  from space 5120K, 99% used [0x00000000daf00000,0x00000000db3fc050,0x00000000db400000)
  to   space 8704K, 0% used [0x00000000df580000,0x00000000df580000,0x00000000dfe00000)
 ParOldGen       total 84992K, used 7316K [0x0000000085200000, 0x000000008a500000, 0x00000000d7100000)
  object space 84992K, 8% used [0x0000000085200000,0x00000000859252d0,0x000000008a500000)
 Metaspace       used 14615K, capacity 14996K, committed 15232K, reserved 1062912K
  class space    used 1734K, capacity 1852K, committed 1920K, reserved 1048576K
}
Event: 3,179 GC heap before
{Heap before GC invocations=6 (full 0):
 PSYoungGen      total 68608K, used 68592K [0x00000000d7100000, 0x00000000dfe00000, 0x0000000100000000)
  eden space 63488K, 100% used [0x00000000d7100000,0x00000000daf00000,0x00000000daf00000)
  from space 5120K, 99% used [0x00000000daf00000,0x00000000db3fc050,0x00000000db400000)
  to   space 8704K, 0% used [0x00000000df580000,0x00000000df580000,0x00000000dfe00000)
 ParOldGen       total 84992K, used 7316K [0x0000000085200000, 0x000000008a500000, 0x00000000d7100000)
  object space 84992K, 8% used [0x0000000085200000,0x00000000859252d0,0x000000008a500000)
 Metaspace       used 19834K, capacity 20368K, committed 20480K, reserved 1067008K
  class space    used 2369K, capacity 2516K, committed 2560K, reserved 1048576K
Event: 3,204 GC heap after
Heap after GC invocations=6 (full 0):
 PSYoungGen      total 131072K, used 8680K [0x00000000d7100000, 0x00000000e0700000, 0x0000000100000000)
  eden space 122368K, 0% used [0x00000000d7100000,0x00000000d7100000,0x00000000de880000)
  from space 8704K, 99% used [0x00000000df580000,0x00000000dfdfa380,0x00000000dfe00000)
  to   space 13312K, 0% used [0x00000000de880000,0x00000000de880000,0x00000000df580000)
 ParOldGen       total 84992K, used 13703K [0x0000000085200000, 0x000000008a500000, 0x00000000d7100000)
  object space 84992K, 16% used [0x0000000085200000,0x0000000085f61f68,0x000000008a500000)
 Metaspace       used 19834K, capacity 20368K, committed 20480K, reserved 1067008K
  class space    used 2369K, capacity 2516K, committed 2560K, reserved 1048576K
}
Event: 3,601 GC heap before
{Heap before GC invocations=7 (full 0):
 PSYoungGen      total 131072K, used 18574K [0x00000000d7100000, 0x00000000e0700000, 0x0000000100000000)
  eden space 122368K, 8% used [0x00000000d7100000,0x00000000d7aa9768,0x00000000de880000)
  from space 8704K, 99% used [0x00000000df580000,0x00000000dfdfa380,0x00000000dfe00000)
  to   space 13312K, 0% used [0x00000000de880000,0x00000000de880000,0x00000000df580000)
 ParOldGen       total 84992K, used 13703K [0x0000000085200000, 0x000000008a500000, 0x00000000d7100000)
  object space 84992K, 16% used [0x0000000085200000,0x0000000085f61f68,0x000000008a500000)
 Metaspace       used 20587K, capacity 21136K, committed 21296K, reserved 1069056K
  class space    used 2442K, capacity 2580K, committed 2688K, reserved 1048576K

