# JRE version: Java(TM) SE Runtime Environment (8.0_191-b12) (build 1.8.0_191-b12)
# Java VM: Java HotSpot(TM) 64-Bit Server VM (25.191-b12 mixed mode linux-amd64 compressed oops)
Heap:
 PSYoungGen      total 135680K, used 8258K [0x00000000d7100000, 0x00000000e0700000, 0x0000000100000000)
  eden space 122368K, 0% used [0x00000000d7100000,0x00000000d7100000,0x00000000de880000)
  from space 13312K, 62% used [0x00000000de880000,0x00000000df090840,0x00000000df580000)
  to   space 8704K, 0% used [0x00000000df580000,0x00000000df580000,0x00000000dfe00000)
 ParOldGen       total 84992K, used 15333K [0x0000000085200000, 0x000000008a500000, 0x00000000d7100000)
  object space 84992K, 18% used [0x0000000085200000,0x00000000860f9658,0x000000008a500000)
 Metaspace       used 20616K, capacity 21168K, committed 21296K, reserved 1069056K
  class space    used 2442K, capacity 2612K, committed 2688K, reserved 1048576K
GC Heap History (10 events):
Event: 1,124 GC heap after
Heap after GC invocations=2 (full 0):
 PSYoungGen      total 36864K, used 5091K [0x00000000d7100000, 0x00000000db900000, 0x0000000100000000)
  eden space 31744K, 0% used [0x00000000d7100000,0x00000000d7100000,0x00000000d9000000)
  from space 5120K, 99% used [0x00000000d9500000,0x00000000d99f8fb8,0x00000000d9a00000)
  to   space 5120K, 0% used [0x00000000d9000000,0x00000000d9000000,0x00000000d9500000)
 ParOldGen       total 84992K, used 1678K [0x0000000085200000, 0x000000008a500000, 0x00000000d7100000)
  object space 84992K, 1% used [0x0000000085200000,0x00000000853a3988,0x000000008a500000)
 Metaspace       used 13047K, capacity 13360K, committed 13568K, reserved 1060864K
  class space    used 1602K, capacity 1726K, committed 1792K, reserved 1048576K
}
Event: 1,445 GC heap before
{Heap before GC invocations=3 (full 0):
 PSYoungGen      total 36864K, used 36835K [0x00000000d7100000, 0x00000000db900000, 0x0000000100000000)
  eden space 31744K, 100% used [0x00000000d7100000,0x00000000d9000000,0x00000000d9000000)
  from space 5120K, 99% used [0x00000000d9500000,0x00000000d99f8fb8,0x00000000d9a00000)
  to   space 5120K, 0% used [0x00000000d9000000,0x00000000d9000000,0x00000000d9500000)
 ParOldGen       total 84992K, used 1678K [0x0000000085200000, 0x000000008a500000, 0x00000000d7100000)
  object space 84992K, 1% used [0x0000000085200000,0x00000000853a3988,0x000000008a500000)
 Metaspace       used 13479K, capacity 13798K, committed 14080K, reserved 1060864K
  class space    used 1632K, capacity 1735K, committed 1792K, reserved 1048576K
Event: 1,451 GC heap after
Heap after GC invocations=3 (full 0):
 PSYoungGen      total 36864K, used 5104K [0x00000000d7100000, 0x00000000db900000, 0x0000000100000000)
  eden space 31744K, 0% used [0x00000000d7100000,0x00000000d7100000,0x00000000d9000000)
  from space 5120K, 99% used [0x00000000d9000000,0x00000000d94fc010,0x00000000d9500000)
  to   space 5120K, 0% used [0x00000000db400000,0x00000000db400000,0x00000000db900000)
 ParOldGen       total 84992K, used 3082K [0x0000000085200000, 0x000000008a500000, 0x00000000d7100000)
  object space 84992K, 3% used [0x0000000085200000,0x0000000085502b08,0x000000008a500000)
 Metaspace       used 13479K, capacity 13798K, committed 14080K, reserved 1060864K
  class space    used 1632K, capacity 1735K, committed 1792K, reserved 1048576K
}
Event: 1,761 GC heap before
{Heap before GC invocations=4 (full 0):
 PSYoungGen      total 36864K, used 36848K [0x00000000d7100000, 0x00000000db900000, 0x0000000100000000)
  eden space 31744K, 100% used [0x00000000d7100000,0x00000000d9000000,0x00000000d9000000)
  from space 5120K, 99% used [0x00000000d9000000,0x00000000d94fc010,0x00000000d9500000)
  to   space 5120K, 0% used [0x00000000db400000,0x00000000db400000,0x00000000db900000)
 ParOldGen       total 84992K, used 3082K [0x0000000085200000, 0x000000008a500000, 0x00000000d7100000)
  object space 84992K, 3% used [0x0000000085200000,0x0000000085502b08,0x000000008a500000)
 Metaspace       used 14027K, capacity 14428K, committed 14720K, reserved 1062912K
  class space    used 1704K, capacity 1812K, committed 1920K, reserved 1048576K
Event: 1,773 GC heap after
Heap after GC invocations=4 (full 0):
 PSYoungGen      total 68608K, used 5088K [0x00000000d7100000, 0x00000000db900000, 0x0000000100000000)
  eden space 63488K, 0% used [0x00000000d7100000,0x00000000d7100000,0x00000000daf00000)
  from space 5120K, 99% used [0x00000000db400000,0x00000000db8f8040,0x00000000db900000)
  to   space 5120K, 0% used [0x00000000daf00000,0x00000000daf00000,0x00000000db400000)
 ParOldGen       total 84992K, used 4677K [0x0000000085200000, 0x000000008a500000, 0x00000000d7100000)
  object space 84992K, 5% used [0x0000000085200000,0x0000000085691700,0x000000008a500000)
 Metaspace       used 14027K, capacity 14428K, committed 14720K, reserved 1062912K
  class space    used 1704K, capacity 1812K, committed 1920K, reserved 1048576K
}
Event: 2,305 GC heap before
{Heap before GC invocations=5 (full 0):
 PSYoungGen      total 68608K, used 68576K [0x00000000d7100000, 0x00000000db900000, 0x0000000100000000)
  eden space 63488K, 100% used [0x00000000d7100000,0x00000000daf00000,0x00000000daf00000)
  from space 5120K, 99% used [0x00000000db400000,0x00000000db8f8040,0x00000000db900000)
  to   space 5120K, 0% used [0x00000000daf00000,0x00000000daf00000,0x00000000db400000)
 ParOldGen       total 84992K, used 4677K [0x0000000085200000, 0x000000008a500000, 0x00000000d7100000)
  object space 84992K, 5% used [0x0000000085200000,0x0000000085691700,0x000000008a500000)
 Metaspace       used 14546K, capacity 14996K, committed 15232K, reserved 1062912K
  class space    used 1723K, capacity 1852K, committed 1920K, reserved 1048576K
Event: 2,319 GC heap after
Heap after GC invocations=5 (full 0):
 PSYoungGen      total 68608K, used 5088K [0x00000000d7100000, 0x00000000dfe00000, 0x0000000100000000)
  eden space 63488K, 0% used [0x00000000d7100000,0x00000000d7100000,0x00000000daf00000)
  from space 5120K, 99% used [0x00000000daf00000,0x00000000db3f8020,0x00000000db400000)
  to   space 8704K, 0% used [0x00000000df580000,0x00000000df580000,0x00000000dfe00000)
 ParOldGen       total 84992K, used 7104K [0x0000000085200000, 0x000000008a500000, 0x00000000d7100000)
  object space 84992K, 8% used [0x0000000085200000,0x00000000858f03b8,0x000000008a500000)
 Metaspace       used 14546K, capacity 14996K, committed 15232K, reserved 1062912K
  class space    used 1723K, capacity 1852K, committed 1920K, reserved 1048576K
}
Event: 6,736 GC heap before
{Heap before GC invocations=6 (full 0):
 PSYoungGen      total 68608K, used 68576K [0x00000000d7100000, 0x00000000dfe00000, 0x0000000100000000)
  eden space 63488K, 100% used [0x00000000d7100000,0x00000000daf00000,0x00000000daf00000)
  from space 5120K, 99% used [0x00000000daf00000,0x00000000db3f8020,0x00000000db400000)
  to   space 8704K, 0% used [0x00000000df580000,0x00000000df580000,0x00000000dfe00000)
 ParOldGen       total 84992K, used 7104K [0x0000000085200000, 0x000000008a500000, 0x00000000d7100000)
  object space 84992K, 8% used [0x0000000085200000,0x00000000858f03b8,0x000000008a500000)
 Metaspace       used 19734K, capacity 20240K, committed 20480K, reserved 1067008K
  class space    used 2359K, capacity 2516K, committed 2560K, reserved 1048576K
Event: 6,851 GC heap after
Heap after GC invocations=6 (full 0):
 PSYoungGen      total 131072K, used 8690K [0x00000000d7100000, 0x00000000e0700000, 0x0000000100000000)
  eden space 122368K, 0% used [0x00000000d7100000,0x00000000d7100000,0x00000000de880000)
  from space 8704K, 99% used [0x00000000df580000,0x00000000dfdfc850,0x00000000dfe00000)
  to   space 13312K, 0% used [0x00000000de880000,0x00000000de880000,0x00000000df580000)
 ParOldGen       total 84992K, used 13387K [0x0000000085200000, 0x000000008a500000, 0x00000000d7100000)
  object space 84992K, 15% used [0x0000000085200000,0x0000000085f12dd8,0x000000008a500000)
 Metaspace       used 19734K, capacity 20240K, committed 20480K, reserved 1067008K
  class space    used 2359K, capacity 2516K, committed 2560K, reserved 1048576K
}
Event: 37,761 GC heap before
{Heap before GC invocations=7 (full 0):
 PSYoungGen      total 131072K, used 21044K [0x00000000d7100000, 0x00000000e0700000, 0x0000000100000000)
  eden space 122368K, 10% used [0x00000000d7100000,0x00000000d7d10b08,0x00000000de880000)
  from space 8704K, 99% used [0x00000000df580000,0x00000000dfdfc850,0x00000000dfe00000)
  to   space 13312K, 0% used [0x00000000de880000,0x00000000de880000,0x00000000df580000)
 ParOldGen       total 84992K, used 13387K [0x0000000085200000, 0x000000008a500000, 0x00000000d7100000)
  object space 84992K, 15% used [0x0000000085200000,0x0000000085f12dd8,0x000000008a500000)
 Metaspace       used 20616K, capacity 21168K, committed 21296K, reserved 1069056K
  class space    used 2442K, capacity 2612K, committed 2688K, reserved 1048576K

